2024-03-01 11:37:20 [main] INFO  : Could not detect default configuration classes for test class [com.hrbp.feedback.HrbpFeedbackSystemApplicationTests]: HrbpFeedbackSystemApplicationTests does not declare any static, non-private, non-final, nested classes annotated with @Configuration.
2024-03-01 11:37:20 [main] INFO  : Found @SpringBootConfiguration com.hrbp.feedback.HrbpFeedbackSystemApplication for test class com.hrbp.feedback.HrbpFeedbackSystemApplicationTests
2024-03-01 11:37:21 [main] INFO  : Restart disabled due to context in which it is running
2024-03-01 11:37:21 [main] INFO  : Starting HrbpFeedbackSystemApplicationTests using Java 17.0.5 with PID 19688 (started by anandjan in C:\Users\anandjan\Downloads\New folder\hrbpbackend)
2024-03-01 11:37:21 [main] INFO  : No active profile set, falling back to 1 default profile: "default"
2024-03-01 11:37:22 [main] INFO  : Bootstrapping Spring Data JPA repositories in DEFAULT mode.
2024-03-01 11:37:22 [main] INFO  : Finished Spring Data repository scanning in 108 ms. Found 4 JPA repository interfaces.
2024-03-01 11:37:23 [main] INFO  : HHH000204: Processing PersistenceUnitInfo [name: default]
2024-03-01 11:37:23 [main] INFO  : HHH000412: Hibernate ORM core version 6.4.1.Final
2024-03-01 11:37:23 [main] INFO  : HHH000026: Second-level cache disabled
2024-03-01 11:37:24 [main] INFO  : No LoadTimeWeaver setup: ignoring JPA class transformer
2024-03-01 11:37:24 [main] INFO  : HikariPool-1 - Starting...
2024-03-01 11:37:24 [main] INFO  : HikariPool-1 - Added connection com.mysql.cj.jdbc.ConnectionImpl@28ec9c23
2024-03-01 11:37:24 [main] INFO  : HikariPool-1 - Start completed.
2024-03-01 11:37:27 [main] INFO  : HHH000489: No JTA platform available (set 'hibernate.transaction.jta.platform' to enable JTA platform integration)
2024-03-01 11:37:27 [main] INFO  : Initialized JPA EntityManagerFactory for persistence unit 'default'
2024-03-01 11:37:27 [main] WARN  : spring.jpa.open-in-view is enabled by default. Therefore, database queries may be performed during view rendering. Explicitly configure spring.jpa.open-in-view to disable this warning
2024-03-01 11:37:28 [main] INFO  : Hibernate is in classpath; If applicable, HQL parser will be used.
2024-03-01 11:37:29 [main] INFO  : Will secure any request with [org.springframework.security.web.session.DisableEncodeUrlFilter@4c53526a, org.springframework.security.web.context.request.async.WebAsyncManagerIntegrationFilter@3c086429, org.springframework.security.web.context.SecurityContextHolderFilter@54fe7b8e, org.springframework.security.web.header.HeaderWriterFilter@351197ca, org.springframework.web.filter.CorsFilter@51ced4b4, org.springframework.security.web.authentication.logout.LogoutFilter@5db7413, com.hrbp.feedback.auth.JwtAuthorizationFilter@218f65a8, org.springframework.security.web.savedrequest.RequestCacheAwareFilter@6be5d76b, org.springframework.security.web.servletapi.SecurityContextHolderAwareRequestFilter@198ff0f3, org.springframework.security.web.authentication.AnonymousAuthenticationFilter@437ceae5, org.springframework.security.web.session.SessionManagementFilter@86173a0, org.springframework.security.web.access.ExceptionTranslationFilter@1a29018, org.springframework.security.web.access.intercept.FilterSecurityInterceptor@48f749a0]
2024-03-01 11:37:29 [main] INFO  : Started HrbpFeedbackSystemApplicationTests in 8.796 seconds (process running for 11.98)
2024-03-01 11:37:30 [main] INFO  : Could not detect default configuration classes for test class [com.hrbp.feedback.controller.EmployeeControllerTest]: EmployeeControllerTest does not declare any static, non-private, non-final, nested classes annotated with @Configuration.
2024-03-01 11:37:30 [main] INFO  : Found @SpringBootConfiguration com.hrbp.feedback.HrbpFeedbackSystemApplication for test class com.hrbp.feedback.controller.EmployeeControllerTest
2024-03-01 11:37:31 [main] INFO  : getRecordsForDashboard(-) started
2024-03-01 11:37:31 [main] INFO  : Dashboard records successfully fetched
2024-03-01 11:37:31 [main] INFO  : getRecordsForDashboard(-) started
2024-03-01 11:37:31 [main] ERROR : No Employee Exists with ID: 2, try with an existing employee!
2024-03-01 11:37:31 [main] INFO  : findEmployeeDetails started
2024-03-01 11:37:31 [main] ERROR : No Employee Exists with ID: 2, try with an existing employee!
2024-03-01 11:37:31 [main] INFO  : findEmployeeDetails started
2024-03-01 11:37:31 [main] INFO  : findEmployeeDetails completed
2024-03-01 11:37:31 [main] INFO  : Could not detect default configuration classes for test class [com.hrbp.feedback.controller.FeedbackControllerTest]: FeedbackControllerTest does not declare any static, non-private, non-final, nested classes annotated with @Configuration.
2024-03-01 11:37:31 [main] INFO  : Found @SpringBootConfiguration com.hrbp.feedback.HrbpFeedbackSystemApplication for test class com.hrbp.feedback.controller.FeedbackControllerTest
2024-03-01 11:37:31 [main] INFO  : Restart disabled due to context in which it is running
2024-03-01 11:37:31 [main] INFO  : Starting FeedbackControllerTest using Java 17.0.5 with PID 19688 (started by anandjan in C:\Users\anandjan\Downloads\New folder\hrbpbackend)
2024-03-01 11:37:31 [main] INFO  : No active profile set, falling back to 1 default profile: "default"
2024-03-01 11:37:31 [main] INFO  : Bootstrapping Spring Data JPA repositories in DEFAULT mode.
2024-03-01 11:37:31 [main] INFO  : Finished Spring Data repository scanning in 62 ms. Found 4 JPA repository interfaces.
2024-03-01 11:37:32 [main] INFO  : HHH000204: Processing PersistenceUnitInfo [name: default]
2024-03-01 11:37:32 [main] INFO  : HHH000026: Second-level cache disabled
2024-03-01 11:37:32 [main] INFO  : No LoadTimeWeaver setup: ignoring JPA class transformer
2024-03-01 11:37:32 [main] INFO  : HikariPool-2 - Starting...
2024-03-01 11:37:32 [main] INFO  : HikariPool-2 - Added connection com.mysql.cj.jdbc.ConnectionImpl@206c2f1b
2024-03-01 11:37:32 [main] INFO  : HikariPool-2 - Start completed.
2024-03-01 11:37:32 [main] INFO  : HHH000489: No JTA platform available (set 'hibernate.transaction.jta.platform' to enable JTA platform integration)
2024-03-01 11:37:32 [main] INFO  : Initialized JPA EntityManagerFactory for persistence unit 'default'
2024-03-01 11:37:32 [main] WARN  : spring.jpa.open-in-view is enabled by default. Therefore, database queries may be performed during view rendering. Explicitly configure spring.jpa.open-in-view to disable this warning
2024-03-01 11:37:33 [main] INFO  : Will secure any request with [org.springframework.security.web.session.DisableEncodeUrlFilter@4b9102de, org.springframework.security.web.context.request.async.WebAsyncManagerIntegrationFilter@3e42791a, org.springframework.security.web.context.SecurityContextHolderFilter@59a9fe18, org.springframework.security.web.header.HeaderWriterFilter@7307fd8f, org.springframework.web.filter.CorsFilter@2de068fd, org.springframework.security.web.authentication.logout.LogoutFilter@12305a5b, com.hrbp.feedback.auth.JwtAuthorizationFilter@3ddfbcdb, org.springframework.security.web.savedrequest.RequestCacheAwareFilter@2a5fdd7d, org.springframework.security.web.servletapi.SecurityContextHolderAwareRequestFilter@6678a63c, org.springframework.security.web.authentication.AnonymousAuthenticationFilter@27bda565, org.springframework.security.web.session.SessionManagementFilter@71b27af3, org.springframework.security.web.access.ExceptionTranslationFilter@252ad5ed, org.springframework.security.web.access.intercept.FilterSecurityInterceptor@7b81d4f2]
2024-03-01 11:37:33 [main] INFO  : Initializing Spring TestDispatcherServlet ''
2024-03-01 11:37:33 [main] INFO  : Initializing Servlet ''
2024-03-01 11:37:33 [main] INFO  : Completed initialization in 2 ms
2024-03-01 11:37:33 [main] INFO  : Started FeedbackControllerTest in 2.082 seconds (process running for 15.536)
2024-03-01 11:37:33 [main] INFO  : getAllFeedbacks() started
2024-03-01 11:37:33 [main] INFO  : Could not detect default configuration classes for test class [com.hrbp.feedback.service.FeedbackServiceTest]: FeedbackServiceTest does not declare any static, non-private, non-final, nested classes annotated with @Configuration.
2024-03-01 11:37:33 [main] INFO  : Found @SpringBootConfiguration com.hrbp.feedback.HrbpFeedbackSystemApplication for test class com.hrbp.feedback.service.FeedbackServiceTest
2024-03-01 11:37:33 [main] INFO  : getFeedback(-) started
2024-03-01 11:37:33 [main] INFO  : Could not detect default configuration classes for test class [com.hrbp.feedback.service.EmployeeServiceTest]: EmployeeServiceTest does not declare any static, non-private, non-final, nested classes annotated with @Configuration.
2024-03-01 11:37:33 [main] INFO  : Found @SpringBootConfiguration com.hrbp.feedback.HrbpFeedbackSystemApplication for test class com.hrbp.feedback.service.EmployeeServiceTest
2024-03-01 11:37:36 [SpringApplicationShutdownHook] INFO  : Closing JPA EntityManagerFactory for persistence unit 'default'
2024-03-01 11:37:36 [SpringApplicationShutdownHook] INFO  : HikariPool-1 - Shutdown initiated...
2024-03-01 11:37:36 [SpringApplicationShutdownHook] INFO  : HikariPool-1 - Shutdown completed.
2024-03-01 11:37:36 [SpringApplicationShutdownHook] INFO  : Closing JPA EntityManagerFactory for persistence unit 'default'
2024-03-01 11:37:36 [SpringApplicationShutdownHook] INFO  : HikariPool-2 - Shutdown initiated...
2024-03-01 11:37:36 [SpringApplicationShutdownHook] INFO  : HikariPool-2 - Shutdown completed.
