2024-02-28 09:35:21 [main] INFO  : Could not detect default configuration classes for test class [com.hrbp.feedback.service.FeedbackServiceTest]: FeedbackServiceTest does not declare any static, non-private, non-final, nested classes annotated with @Configuration.
2024-02-28 09:35:21 [main] INFO  : Found @SpringBootConfiguration com.hrbp.feedback.HrbpFeedbackSystemApplication for test class com.hrbp.feedback.service.FeedbackServiceTest
2024-02-28 09:35:21 [main] INFO  : Restart disabled due to context in which it is running
2024-02-28 09:35:21 [main] INFO  : Starting FeedbackServiceTest using Java 17.0.5 with PID 25584 (started by anandjan in C:\Users\anandjan\Downloads\New folder\hrbpbackend)
2024-02-28 09:35:21 [main] INFO  : No active profile set, falling back to 1 default profile: "default"
2024-02-28 09:35:22 [main] INFO  : Bootstrapping Spring Data JPA repositories in DEFAULT mode.
2024-02-28 09:35:22 [main] INFO  : Finished Spring Data repository scanning in 55 ms. Found 4 JPA repository interfaces.
2024-02-28 09:35:23 [main] INFO  : HHH000204: Processing PersistenceUnitInfo [name: default]
2024-02-28 09:35:23 [main] INFO  : HHH000412: Hibernate ORM core version 6.4.1.Final
2024-02-28 09:35:23 [main] INFO  : HHH000026: Second-level cache disabled
2024-02-28 09:35:23 [main] INFO  : No LoadTimeWeaver setup: ignoring JPA class transformer
2024-02-28 09:35:23 [main] INFO  : HikariPool-1 - Starting...
2024-02-28 09:35:24 [main] INFO  : HikariPool-1 - Added connection com.mysql.cj.jdbc.ConnectionImpl@356fa0d1
2024-02-28 09:35:24 [main] INFO  : HikariPool-1 - Start completed.
2024-02-28 09:35:25 [main] INFO  : HHH000489: No JTA platform available (set 'hibernate.transaction.jta.platform' to enable JTA platform integration)
2024-02-28 09:35:25 [main] INFO  : Initialized JPA EntityManagerFactory for persistence unit 'default'
2024-02-28 09:35:25 [main] WARN  : spring.jpa.open-in-view is enabled by default. Therefore, database queries may be performed during view rendering. Explicitly configure spring.jpa.open-in-view to disable this warning
2024-02-28 09:35:25 [main] INFO  : Hibernate is in classpath; If applicable, HQL parser will be used.
2024-02-28 09:35:26 [main] INFO  : Will secure any request with [org.springframework.security.web.session.DisableEncodeUrlFilter@2c3f47ba, org.springframework.security.web.context.request.async.WebAsyncManagerIntegrationFilter@ca9ffc0, org.springframework.security.web.context.SecurityContextHolderFilter@310db5c4, org.springframework.security.web.header.HeaderWriterFilter@27a717a7, org.springframework.web.filter.CorsFilter@e316971, org.springframework.security.web.authentication.logout.LogoutFilter@7d2ccd7f, com.hrbp.feedback.auth.JwtAuthorizationFilter@1e5190bd, org.springframework.security.web.savedrequest.RequestCacheAwareFilter@589dd717, org.springframework.security.web.servletapi.SecurityContextHolderAwareRequestFilter@4eba6e1f, org.springframework.security.web.authentication.AnonymousAuthenticationFilter@808f65, org.springframework.security.web.session.SessionManagementFilter@7c27ed2f, org.springframework.security.web.access.ExceptionTranslationFilter@77c66ac2, org.springframework.security.web.access.intercept.FilterSecurityInterceptor@5c3f9618]
2024-02-28 09:35:26 [main] INFO  : Started FeedbackServiceTest in 5.078 seconds (process running for 6.5)
2024-02-28 09:35:27 [main] INFO  : getFeedback(-) started
2024-02-28 09:35:27 [SpringApplicationShutdownHook] INFO  : Closing JPA EntityManagerFactory for persistence unit 'default'
2024-02-28 09:35:27 [SpringApplicationShutdownHook] INFO  : HikariPool-1 - Shutdown initiated...
2024-02-28 09:35:27 [SpringApplicationShutdownHook] INFO  : HikariPool-1 - Shutdown completed.
2024-02-28 09:43:22 [main] INFO  : Could not detect default configuration classes for test class [com.hrbp.feedback.service.FeedbackServiceTest]: FeedbackServiceTest does not declare any static, non-private, non-final, nested classes annotated with @Configuration.
2024-02-28 09:43:22 [main] INFO  : Found @SpringBootConfiguration com.hrbp.feedback.HrbpFeedbackSystemApplication for test class com.hrbp.feedback.service.FeedbackServiceTest
2024-02-28 09:43:22 [main] INFO  : Restart disabled due to context in which it is running
2024-02-28 09:43:23 [main] INFO  : Starting FeedbackServiceTest using Java 17.0.5 with PID 20936 (started by anandjan in C:\Users\anandjan\Downloads\New folder\hrbpbackend)
2024-02-28 09:43:23 [main] INFO  : No active profile set, falling back to 1 default profile: "default"
2024-02-28 09:43:23 [main] INFO  : Bootstrapping Spring Data JPA repositories in DEFAULT mode.
2024-02-28 09:43:23 [main] INFO  : Finished Spring Data repository scanning in 47 ms. Found 4 JPA repository interfaces.
2024-02-28 09:43:24 [main] INFO  : HHH000204: Processing PersistenceUnitInfo [name: default]
2024-02-28 09:43:24 [main] INFO  : HHH000412: Hibernate ORM core version 6.4.1.Final
2024-02-28 09:43:24 [main] INFO  : HHH000026: Second-level cache disabled
2024-02-28 09:43:24 [main] INFO  : No LoadTimeWeaver setup: ignoring JPA class transformer
2024-02-28 09:43:24 [main] INFO  : HikariPool-1 - Starting...
2024-02-28 09:43:24 [main] INFO  : HikariPool-1 - Added connection com.mysql.cj.jdbc.ConnectionImpl@2cadcff6
2024-02-28 09:43:24 [main] INFO  : HikariPool-1 - Start completed.
2024-02-28 09:43:25 [main] INFO  : HHH000489: No JTA platform available (set 'hibernate.transaction.jta.platform' to enable JTA platform integration)
2024-02-28 09:43:25 [main] INFO  : Initialized JPA EntityManagerFactory for persistence unit 'default'
2024-02-28 09:43:26 [main] WARN  : spring.jpa.open-in-view is enabled by default. Therefore, database queries may be performed during view rendering. Explicitly configure spring.jpa.open-in-view to disable this warning
2024-02-28 09:43:26 [main] INFO  : Hibernate is in classpath; If applicable, HQL parser will be used.
2024-02-28 09:43:26 [main] INFO  : Will secure any request with [org.springframework.security.web.session.DisableEncodeUrlFilter@10bf2185, org.springframework.security.web.context.request.async.WebAsyncManagerIntegrationFilter@14c06f50, org.springframework.security.web.context.SecurityContextHolderFilter@5565d718, org.springframework.security.web.header.HeaderWriterFilter@7197b96c, org.springframework.web.filter.CorsFilter@6230a15a, org.springframework.security.web.authentication.logout.LogoutFilter@f41db7f, com.hrbp.feedback.auth.JwtAuthorizationFilter@75d0cac6, org.springframework.security.web.savedrequest.RequestCacheAwareFilter@70c3483b, org.springframework.security.web.servletapi.SecurityContextHolderAwareRequestFilter@276ac94c, org.springframework.security.web.authentication.AnonymousAuthenticationFilter@7225f871, org.springframework.security.web.session.SessionManagementFilter@4eba6e1f, org.springframework.security.web.access.ExceptionTranslationFilter@1268ac94, org.springframework.security.web.access.intercept.FilterSecurityInterceptor@527b989a]
2024-02-28 09:43:27 [main] INFO  : Started FeedbackServiceTest in 4.341 seconds (process running for 5.515)
2024-02-28 09:43:28 [main] INFO  : updateFeedback(-) started
2024-02-28 09:43:28 [main] INFO  : Existing Feedback Present
2024-02-28 09:43:28 [main] INFO  : dateTimeFormat(-)
2024-02-28 09:43:28 [SpringApplicationShutdownHook] INFO  : Closing JPA EntityManagerFactory for persistence unit 'default'
2024-02-28 09:43:28 [SpringApplicationShutdownHook] INFO  : HikariPool-1 - Shutdown initiated...
2024-02-28 09:43:28 [SpringApplicationShutdownHook] INFO  : HikariPool-1 - Shutdown completed.
2024-02-28 09:46:46 [main] INFO  : Could not detect default configuration classes for test class [com.hrbp.feedback.service.FeedbackServiceTest]: FeedbackServiceTest does not declare any static, non-private, non-final, nested classes annotated with @Configuration.
2024-02-28 09:46:46 [main] INFO  : Found @SpringBootConfiguration com.hrbp.feedback.HrbpFeedbackSystemApplication for test class com.hrbp.feedback.service.FeedbackServiceTest
2024-02-28 09:46:46 [main] INFO  : Restart disabled due to context in which it is running
2024-02-28 09:46:46 [main] INFO  : Starting FeedbackServiceTest using Java 17.0.5 with PID 18276 (started by anandjan in C:\Users\anandjan\Downloads\New folder\hrbpbackend)
2024-02-28 09:46:46 [main] INFO  : No active profile set, falling back to 1 default profile: "default"
2024-02-28 09:46:47 [main] INFO  : Bootstrapping Spring Data JPA repositories in DEFAULT mode.
2024-02-28 09:46:47 [main] INFO  : Finished Spring Data repository scanning in 54 ms. Found 4 JPA repository interfaces.
2024-02-28 09:46:48 [main] INFO  : HHH000204: Processing PersistenceUnitInfo [name: default]
2024-02-28 09:46:48 [main] INFO  : HHH000412: Hibernate ORM core version 6.4.1.Final
2024-02-28 09:46:48 [main] INFO  : HHH000026: Second-level cache disabled
2024-02-28 09:46:48 [main] INFO  : No LoadTimeWeaver setup: ignoring JPA class transformer
2024-02-28 09:46:48 [main] INFO  : HikariPool-1 - Starting...
2024-02-28 09:46:48 [main] INFO  : HikariPool-1 - Added connection com.mysql.cj.jdbc.ConnectionImpl@762da62b
2024-02-28 09:46:48 [main] INFO  : HikariPool-1 - Start completed.
2024-02-28 09:46:49 [main] INFO  : HHH000489: No JTA platform available (set 'hibernate.transaction.jta.platform' to enable JTA platform integration)
2024-02-28 09:46:49 [main] INFO  : Initialized JPA EntityManagerFactory for persistence unit 'default'
2024-02-28 09:46:50 [main] WARN  : spring.jpa.open-in-view is enabled by default. Therefore, database queries may be performed during view rendering. Explicitly configure spring.jpa.open-in-view to disable this warning
2024-02-28 09:46:50 [main] INFO  : Hibernate is in classpath; If applicable, HQL parser will be used.
2024-02-28 09:46:50 [main] INFO  : Will secure any request with [org.springframework.security.web.session.DisableEncodeUrlFilter@7225f871, org.springframework.security.web.context.request.async.WebAsyncManagerIntegrationFilter@1bff4cb9, org.springframework.security.web.context.SecurityContextHolderFilter@276ac94c, org.springframework.security.web.header.HeaderWriterFilter@5a5cd0af, org.springframework.web.filter.CorsFilter@c521a79, org.springframework.security.web.authentication.logout.LogoutFilter@13056efe, com.hrbp.feedback.auth.JwtAuthorizationFilter@105cdf61, org.springframework.security.web.savedrequest.RequestCacheAwareFilter@ab5e63, org.springframework.security.web.servletapi.SecurityContextHolderAwareRequestFilter@6a434cdd, org.springframework.security.web.authentication.AnonymousAuthenticationFilter@6b0f50d8, org.springframework.security.web.session.SessionManagementFilter@5565d718, org.springframework.security.web.access.ExceptionTranslationFilter@105e9fef, org.springframework.security.web.access.intercept.FilterSecurityInterceptor@e316971]
2024-02-28 09:46:51 [main] INFO  : Started FeedbackServiceTest in 4.498 seconds (process running for 5.639)
2024-02-28 09:46:51 [main] INFO  : getFeedback(-) started
2024-02-28 09:46:52 [main] INFO  : updateFeedback(-) started
2024-02-28 09:46:52 [main] INFO  : Existing Feedback Present
2024-02-28 09:46:52 [main] INFO  : dateTimeFormat(-)
2024-02-28 09:46:52 [SpringApplicationShutdownHook] INFO  : Closing JPA EntityManagerFactory for persistence unit 'default'
2024-02-28 09:46:52 [SpringApplicationShutdownHook] INFO  : HikariPool-1 - Shutdown initiated...
2024-02-28 09:46:52 [SpringApplicationShutdownHook] INFO  : HikariPool-1 - Shutdown completed.
2024-02-28 09:48:19 [main] INFO  : Could not detect default configuration classes for test class [com.hrbp.feedback.service.FeedbackServiceTest]: FeedbackServiceTest does not declare any static, non-private, non-final, nested classes annotated with @Configuration.
2024-02-28 09:48:19 [main] INFO  : Found @SpringBootConfiguration com.hrbp.feedback.HrbpFeedbackSystemApplication for test class com.hrbp.feedback.service.FeedbackServiceTest
2024-02-28 09:48:20 [main] INFO  : Restart disabled due to context in which it is running
2024-02-28 09:48:20 [main] INFO  : Starting FeedbackServiceTest using Java 17.0.5 with PID 17020 (started by anandjan in C:\Users\anandjan\Downloads\New folder\hrbpbackend)
2024-02-28 09:48:20 [main] INFO  : No active profile set, falling back to 1 default profile: "default"
2024-02-28 09:48:21 [main] INFO  : Bootstrapping Spring Data JPA repositories in DEFAULT mode.
2024-02-28 09:48:21 [main] INFO  : Finished Spring Data repository scanning in 52 ms. Found 4 JPA repository interfaces.
2024-02-28 09:48:21 [main] INFO  : HHH000204: Processing PersistenceUnitInfo [name: default]
2024-02-28 09:48:21 [main] INFO  : HHH000412: Hibernate ORM core version 6.4.1.Final
2024-02-28 09:48:21 [main] INFO  : HHH000026: Second-level cache disabled
2024-02-28 09:48:21 [main] INFO  : No LoadTimeWeaver setup: ignoring JPA class transformer
2024-02-28 09:48:21 [main] INFO  : HikariPool-1 - Starting...
2024-02-28 09:48:22 [main] INFO  : HikariPool-1 - Added connection com.mysql.cj.jdbc.ConnectionImpl@762da62b
2024-02-28 09:48:22 [main] INFO  : HikariPool-1 - Start completed.
2024-02-28 09:48:23 [main] INFO  : HHH000489: No JTA platform available (set 'hibernate.transaction.jta.platform' to enable JTA platform integration)
2024-02-28 09:48:23 [main] INFO  : Initialized JPA EntityManagerFactory for persistence unit 'default'
2024-02-28 09:48:23 [main] WARN  : spring.jpa.open-in-view is enabled by default. Therefore, database queries may be performed during view rendering. Explicitly configure spring.jpa.open-in-view to disable this warning
2024-02-28 09:48:23 [main] INFO  : Hibernate is in classpath; If applicable, HQL parser will be used.
2024-02-28 09:48:24 [main] INFO  : Will secure any request with [org.springframework.security.web.session.DisableEncodeUrlFilter@7225f871, org.springframework.security.web.context.request.async.WebAsyncManagerIntegrationFilter@1bff4cb9, org.springframework.security.web.context.SecurityContextHolderFilter@276ac94c, org.springframework.security.web.header.HeaderWriterFilter@5a5cd0af, org.springframework.web.filter.CorsFilter@c521a79, org.springframework.security.web.authentication.logout.LogoutFilter@13056efe, com.hrbp.feedback.auth.JwtAuthorizationFilter@105cdf61, org.springframework.security.web.savedrequest.RequestCacheAwareFilter@ab5e63, org.springframework.security.web.servletapi.SecurityContextHolderAwareRequestFilter@6a434cdd, org.springframework.security.web.authentication.AnonymousAuthenticationFilter@6b0f50d8, org.springframework.security.web.session.SessionManagementFilter@5565d718, org.springframework.security.web.access.ExceptionTranslationFilter@105e9fef, org.springframework.security.web.access.intercept.FilterSecurityInterceptor@e316971]
2024-02-28 09:48:24 [main] INFO  : Started FeedbackServiceTest in 4.39 seconds (process running for 5.638)
2024-02-28 09:48:25 [main] INFO  : getFeedback(-) started
2024-02-28 09:48:25 [main] INFO  : updateFeedback(-) started
2024-02-28 09:48:25 [main] INFO  : Existing Feedback Present
2024-02-28 09:48:25 [main] INFO  : dateTimeFormat(-)
2024-02-28 09:48:25 [SpringApplicationShutdownHook] INFO  : Closing JPA EntityManagerFactory for persistence unit 'default'
2024-02-28 09:48:25 [SpringApplicationShutdownHook] INFO  : HikariPool-1 - Shutdown initiated...
2024-02-28 09:48:25 [SpringApplicationShutdownHook] INFO  : HikariPool-1 - Shutdown completed.
2024-02-28 09:49:45 [main] INFO  : Could not detect default configuration classes for test class [com.hrbp.feedback.service.FeedbackServiceTest]: FeedbackServiceTest does not declare any static, non-private, non-final, nested classes annotated with @Configuration.
2024-02-28 09:49:45 [main] INFO  : Found @SpringBootConfiguration com.hrbp.feedback.HrbpFeedbackSystemApplication for test class com.hrbp.feedback.service.FeedbackServiceTest
2024-02-28 09:49:45 [main] INFO  : Restart disabled due to context in which it is running
2024-02-28 09:49:45 [main] INFO  : Starting FeedbackServiceTest using Java 17.0.5 with PID 23268 (started by anandjan in C:\Users\anandjan\Downloads\New folder\hrbpbackend)
2024-02-28 09:49:45 [main] INFO  : No active profile set, falling back to 1 default profile: "default"
2024-02-28 09:49:46 [main] INFO  : Bootstrapping Spring Data JPA repositories in DEFAULT mode.
2024-02-28 09:49:46 [main] INFO  : Finished Spring Data repository scanning in 48 ms. Found 4 JPA repository interfaces.
2024-02-28 09:49:46 [main] INFO  : HHH000204: Processing PersistenceUnitInfo [name: default]
2024-02-28 09:49:46 [main] INFO  : HHH000412: Hibernate ORM core version 6.4.1.Final
2024-02-28 09:49:46 [main] INFO  : HHH000026: Second-level cache disabled
2024-02-28 09:49:47 [main] INFO  : No LoadTimeWeaver setup: ignoring JPA class transformer
2024-02-28 09:49:47 [main] INFO  : HikariPool-1 - Starting...
2024-02-28 09:49:47 [main] INFO  : HikariPool-1 - Added connection com.mysql.cj.jdbc.ConnectionImpl@356fa0d1
2024-02-28 09:49:47 [main] INFO  : HikariPool-1 - Start completed.
2024-02-28 09:49:48 [main] INFO  : HHH000489: No JTA platform available (set 'hibernate.transaction.jta.platform' to enable JTA platform integration)
2024-02-28 09:49:48 [main] INFO  : Initialized JPA EntityManagerFactory for persistence unit 'default'
2024-02-28 09:49:48 [main] WARN  : spring.jpa.open-in-view is enabled by default. Therefore, database queries may be performed during view rendering. Explicitly configure spring.jpa.open-in-view to disable this warning
2024-02-28 09:49:48 [main] INFO  : Hibernate is in classpath; If applicable, HQL parser will be used.
2024-02-28 09:49:49 [main] INFO  : Will secure any request with [org.springframework.security.web.session.DisableEncodeUrlFilter@2c3f47ba, org.springframework.security.web.context.request.async.WebAsyncManagerIntegrationFilter@ca9ffc0, org.springframework.security.web.context.SecurityContextHolderFilter@310db5c4, org.springframework.security.web.header.HeaderWriterFilter@27a717a7, org.springframework.web.filter.CorsFilter@e316971, org.springframework.security.web.authentication.logout.LogoutFilter@7d2ccd7f, com.hrbp.feedback.auth.JwtAuthorizationFilter@1e5190bd, org.springframework.security.web.savedrequest.RequestCacheAwareFilter@589dd717, org.springframework.security.web.servletapi.SecurityContextHolderAwareRequestFilter@4eba6e1f, org.springframework.security.web.authentication.AnonymousAuthenticationFilter@808f65, org.springframework.security.web.session.SessionManagementFilter@7c27ed2f, org.springframework.security.web.access.ExceptionTranslationFilter@77c66ac2, org.springframework.security.web.access.intercept.FilterSecurityInterceptor@5c3f9618]
2024-02-28 09:49:49 [main] INFO  : Started FeedbackServiceTest in 4.39 seconds (process running for 5.548)
2024-02-28 09:49:50 [main] INFO  : getFeedback(-) started
2024-02-28 09:49:50 [main] INFO  : updateFeedback(-) started
2024-02-28 09:49:50 [main] INFO  : Existing Feedback Present
2024-02-28 09:49:50 [main] INFO  : dateTimeFormat(-)
2024-02-28 09:49:50 [SpringApplicationShutdownHook] INFO  : Closing JPA EntityManagerFactory for persistence unit 'default'
2024-02-28 09:49:50 [SpringApplicationShutdownHook] INFO  : HikariPool-1 - Shutdown initiated...
2024-02-28 09:49:50 [SpringApplicationShutdownHook] INFO  : HikariPool-1 - Shutdown completed.
2024-02-28 09:50:31 [main] INFO  : Could not detect default configuration classes for test class [com.hrbp.feedback.service.FeedbackServiceTest]: FeedbackServiceTest does not declare any static, non-private, non-final, nested classes annotated with @Configuration.
2024-02-28 09:50:32 [main] INFO  : Found @SpringBootConfiguration com.hrbp.feedback.HrbpFeedbackSystemApplication for test class com.hrbp.feedback.service.FeedbackServiceTest
2024-02-28 09:50:32 [main] INFO  : Restart disabled due to context in which it is running
2024-02-28 09:50:32 [main] INFO  : Starting FeedbackServiceTest using Java 17.0.5 with PID 24132 (started by anandjan in C:\Users\anandjan\Downloads\New folder\hrbpbackend)
2024-02-28 09:50:32 [main] INFO  : No active profile set, falling back to 1 default profile: "default"
2024-02-28 09:50:33 [main] INFO  : Bootstrapping Spring Data JPA repositories in DEFAULT mode.
2024-02-28 09:50:33 [main] INFO  : Finished Spring Data repository scanning in 75 ms. Found 4 JPA repository interfaces.
2024-02-28 09:50:33 [main] INFO  : HHH000204: Processing PersistenceUnitInfo [name: default]
2024-02-28 09:50:34 [main] INFO  : HHH000412: Hibernate ORM core version 6.4.1.Final
2024-02-28 09:50:34 [main] INFO  : HHH000026: Second-level cache disabled
2024-02-28 09:50:34 [main] INFO  : No LoadTimeWeaver setup: ignoring JPA class transformer
2024-02-28 09:50:34 [main] INFO  : HikariPool-1 - Starting...
2024-02-28 09:50:34 [main] INFO  : HikariPool-1 - Added connection com.mysql.cj.jdbc.ConnectionImpl@1dd44289
2024-02-28 09:50:34 [main] INFO  : HikariPool-1 - Start completed.
2024-02-28 09:50:35 [main] INFO  : HHH000489: No JTA platform available (set 'hibernate.transaction.jta.platform' to enable JTA platform integration)
2024-02-28 09:50:35 [main] INFO  : Initialized JPA EntityManagerFactory for persistence unit 'default'
2024-02-28 09:50:36 [main] WARN  : spring.jpa.open-in-view is enabled by default. Therefore, database queries may be performed during view rendering. Explicitly configure spring.jpa.open-in-view to disable this warning
2024-02-28 09:50:36 [main] INFO  : Hibernate is in classpath; If applicable, HQL parser will be used.
2024-02-28 09:50:36 [main] INFO  : Will secure any request with [org.springframework.security.web.session.DisableEncodeUrlFilter@6f54d397, org.springframework.security.web.context.request.async.WebAsyncManagerIntegrationFilter@1368e451, org.springframework.security.web.context.SecurityContextHolderFilter@4cf99283, org.springframework.security.web.header.HeaderWriterFilter@3bde85b0, org.springframework.web.filter.CorsFilter@6ce365b7, org.springframework.security.web.authentication.logout.LogoutFilter@adc06b2, com.hrbp.feedback.auth.JwtAuthorizationFilter@6eb332d1, org.springframework.security.web.savedrequest.RequestCacheAwareFilter@6a9861de, org.springframework.security.web.servletapi.SecurityContextHolderAwareRequestFilter@6deb2b19, org.springframework.security.web.authentication.AnonymousAuthenticationFilter@2296ed0d, org.springframework.security.web.session.SessionManagementFilter@2aa176de, org.springframework.security.web.access.ExceptionTranslationFilter@6e48b9ed, org.springframework.security.web.access.intercept.FilterSecurityInterceptor@cc41d2d]
2024-02-28 09:50:37 [main] INFO  : Started FeedbackServiceTest in 5.009 seconds (process running for 7.209)
2024-02-28 09:50:38 [main] INFO  : getFeedback(-) started
2024-02-28 09:51:11 [main] INFO  : updateFeedback(-) started
2024-02-28 09:51:19 [main] INFO  : Existing Feedback Present
2024-02-28 09:51:24 [main] INFO  : dateTimeFormat(-)
2024-02-28 09:54:34 [main] INFO  : Could not detect default configuration classes for test class [com.hrbp.feedback.service.FeedbackServiceTest]: FeedbackServiceTest does not declare any static, non-private, non-final, nested classes annotated with @Configuration.
2024-02-28 09:54:34 [main] INFO  : Found @SpringBootConfiguration com.hrbp.feedback.HrbpFeedbackSystemApplication for test class com.hrbp.feedback.service.FeedbackServiceTest
2024-02-28 09:54:34 [main] INFO  : Restart disabled due to context in which it is running
2024-02-28 09:54:35 [main] INFO  : Starting FeedbackServiceTest using Java 17.0.5 with PID 8080 (started by anandjan in C:\Users\anandjan\Downloads\New folder\hrbpbackend)
2024-02-28 09:54:35 [main] INFO  : No active profile set, falling back to 1 default profile: "default"
2024-02-28 09:54:35 [main] INFO  : Bootstrapping Spring Data JPA repositories in DEFAULT mode.
2024-02-28 09:54:35 [main] INFO  : Finished Spring Data repository scanning in 50 ms. Found 4 JPA repository interfaces.
2024-02-28 09:54:36 [main] INFO  : HHH000204: Processing PersistenceUnitInfo [name: default]
2024-02-28 09:54:36 [main] INFO  : HHH000412: Hibernate ORM core version 6.4.1.Final
2024-02-28 09:54:36 [main] INFO  : HHH000026: Second-level cache disabled
2024-02-28 09:54:36 [main] INFO  : No LoadTimeWeaver setup: ignoring JPA class transformer
2024-02-28 09:54:36 [main] INFO  : HikariPool-1 - Starting...
2024-02-28 09:54:37 [main] INFO  : HikariPool-1 - Added connection com.mysql.cj.jdbc.ConnectionImpl@762da62b
2024-02-28 09:54:37 [main] INFO  : HikariPool-1 - Start completed.
2024-02-28 09:54:38 [main] INFO  : HHH000489: No JTA platform available (set 'hibernate.transaction.jta.platform' to enable JTA platform integration)
2024-02-28 09:54:38 [main] INFO  : Initialized JPA EntityManagerFactory for persistence unit 'default'
2024-02-28 09:54:38 [main] WARN  : spring.jpa.open-in-view is enabled by default. Therefore, database queries may be performed during view rendering. Explicitly configure spring.jpa.open-in-view to disable this warning
2024-02-28 09:54:38 [main] INFO  : Hibernate is in classpath; If applicable, HQL parser will be used.
2024-02-28 09:54:39 [main] INFO  : Will secure any request with [org.springframework.security.web.session.DisableEncodeUrlFilter@7225f871, org.springframework.security.web.context.request.async.WebAsyncManagerIntegrationFilter@1bff4cb9, org.springframework.security.web.context.SecurityContextHolderFilter@276ac94c, org.springframework.security.web.header.HeaderWriterFilter@5a5cd0af, org.springframework.web.filter.CorsFilter@c521a79, org.springframework.security.web.authentication.logout.LogoutFilter@13056efe, com.hrbp.feedback.auth.JwtAuthorizationFilter@105cdf61, org.springframework.security.web.savedrequest.RequestCacheAwareFilter@ab5e63, org.springframework.security.web.servletapi.SecurityContextHolderAwareRequestFilter@6a434cdd, org.springframework.security.web.authentication.AnonymousAuthenticationFilter@6b0f50d8, org.springframework.security.web.session.SessionManagementFilter@5565d718, org.springframework.security.web.access.ExceptionTranslationFilter@105e9fef, org.springframework.security.web.access.intercept.FilterSecurityInterceptor@e316971]
2024-02-28 09:54:39 [main] INFO  : Started FeedbackServiceTest in 4.698 seconds (process running for 5.913)
2024-02-28 09:54:40 [main] INFO  : getFeedback(-) started
2024-02-28 09:54:40 [SpringApplicationShutdownHook] INFO  : Closing JPA EntityManagerFactory for persistence unit 'default'
2024-02-28 09:54:40 [SpringApplicationShutdownHook] INFO  : HikariPool-1 - Shutdown initiated...
2024-02-28 09:54:40 [SpringApplicationShutdownHook] INFO  : HikariPool-1 - Shutdown completed.
2024-02-28 09:55:52 [main] INFO  : Could not detect default configuration classes for test class [com.hrbp.feedback.service.FeedbackServiceTest]: FeedbackServiceTest does not declare any static, non-private, non-final, nested classes annotated with @Configuration.
2024-02-28 09:55:52 [main] INFO  : Found @SpringBootConfiguration com.hrbp.feedback.HrbpFeedbackSystemApplication for test class com.hrbp.feedback.service.FeedbackServiceTest
2024-02-28 09:55:52 [main] INFO  : Restart disabled due to context in which it is running
2024-02-28 09:55:53 [main] INFO  : Starting FeedbackServiceTest using Java 17.0.5 with PID 21296 (started by anandjan in C:\Users\anandjan\Downloads\New folder\hrbpbackend)
2024-02-28 09:55:53 [main] INFO  : No active profile set, falling back to 1 default profile: "default"
2024-02-28 09:55:53 [main] INFO  : Bootstrapping Spring Data JPA repositories in DEFAULT mode.
2024-02-28 09:55:53 [main] INFO  : Finished Spring Data repository scanning in 51 ms. Found 4 JPA repository interfaces.
2024-02-28 09:55:54 [main] INFO  : HHH000204: Processing PersistenceUnitInfo [name: default]
2024-02-28 09:55:54 [main] INFO  : HHH000412: Hibernate ORM core version 6.4.1.Final
2024-02-28 09:55:54 [main] INFO  : HHH000026: Second-level cache disabled
2024-02-28 09:55:54 [main] INFO  : No LoadTimeWeaver setup: ignoring JPA class transformer
2024-02-28 09:55:54 [main] INFO  : HikariPool-1 - Starting...
2024-02-28 09:55:54 [main] INFO  : HikariPool-1 - Added connection com.mysql.cj.jdbc.ConnectionImpl@762da62b
2024-02-28 09:55:54 [main] INFO  : HikariPool-1 - Start completed.
2024-02-28 09:55:55 [main] INFO  : HHH000489: No JTA platform available (set 'hibernate.transaction.jta.platform' to enable JTA platform integration)
2024-02-28 09:55:55 [main] INFO  : Initialized JPA EntityManagerFactory for persistence unit 'default'
2024-02-28 09:55:56 [main] WARN  : spring.jpa.open-in-view is enabled by default. Therefore, database queries may be performed during view rendering. Explicitly configure spring.jpa.open-in-view to disable this warning
2024-02-28 09:55:56 [main] INFO  : Hibernate is in classpath; If applicable, HQL parser will be used.
2024-02-28 09:55:56 [main] INFO  : Will secure any request with [org.springframework.security.web.session.DisableEncodeUrlFilter@7225f871, org.springframework.security.web.context.request.async.WebAsyncManagerIntegrationFilter@1bff4cb9, org.springframework.security.web.context.SecurityContextHolderFilter@276ac94c, org.springframework.security.web.header.HeaderWriterFilter@5a5cd0af, org.springframework.web.filter.CorsFilter@c521a79, org.springframework.security.web.authentication.logout.LogoutFilter@13056efe, com.hrbp.feedback.auth.JwtAuthorizationFilter@105cdf61, org.springframework.security.web.savedrequest.RequestCacheAwareFilter@ab5e63, org.springframework.security.web.servletapi.SecurityContextHolderAwareRequestFilter@6a434cdd, org.springframework.security.web.authentication.AnonymousAuthenticationFilter@6b0f50d8, org.springframework.security.web.session.SessionManagementFilter@5565d718, org.springframework.security.web.access.ExceptionTranslationFilter@105e9fef, org.springframework.security.web.access.intercept.FilterSecurityInterceptor@e316971]
2024-02-28 09:55:57 [main] INFO  : Started FeedbackServiceTest in 4.152 seconds (process running for 5.336)
2024-02-28 09:55:57 [main] INFO  : getFeedback(-) started
2024-02-28 09:55:57 [SpringApplicationShutdownHook] INFO  : Closing JPA EntityManagerFactory for persistence unit 'default'
2024-02-28 09:55:57 [SpringApplicationShutdownHook] INFO  : HikariPool-1 - Shutdown initiated...
2024-02-28 09:55:58 [SpringApplicationShutdownHook] INFO  : HikariPool-1 - Shutdown completed.
2024-02-28 09:56:12 [main] INFO  : Could not detect default configuration classes for test class [com.hrbp.feedback.service.FeedbackServiceTest]: FeedbackServiceTest does not declare any static, non-private, non-final, nested classes annotated with @Configuration.
2024-02-28 09:56:12 [main] INFO  : Found @SpringBootConfiguration com.hrbp.feedback.HrbpFeedbackSystemApplication for test class com.hrbp.feedback.service.FeedbackServiceTest
2024-02-28 09:56:12 [main] INFO  : Restart disabled due to context in which it is running
2024-02-28 09:56:13 [main] INFO  : Starting FeedbackServiceTest using Java 17.0.5 with PID 11072 (started by anandjan in C:\Users\anandjan\Downloads\New folder\hrbpbackend)
2024-02-28 09:56:13 [main] INFO  : No active profile set, falling back to 1 default profile: "default"
2024-02-28 09:56:14 [main] INFO  : Bootstrapping Spring Data JPA repositories in DEFAULT mode.
2024-02-28 09:56:14 [main] INFO  : Finished Spring Data repository scanning in 101 ms. Found 4 JPA repository interfaces.
2024-02-28 09:56:14 [main] INFO  : HHH000204: Processing PersistenceUnitInfo [name: default]
2024-02-28 09:56:15 [main] INFO  : HHH000412: Hibernate ORM core version 6.4.1.Final
2024-02-28 09:56:15 [main] INFO  : HHH000026: Second-level cache disabled
2024-02-28 09:56:15 [main] INFO  : No LoadTimeWeaver setup: ignoring JPA class transformer
2024-02-28 09:56:15 [main] INFO  : HikariPool-1 - Starting...
2024-02-28 09:56:15 [main] INFO  : HikariPool-1 - Added connection com.mysql.cj.jdbc.ConnectionImpl@3925aa6a
2024-02-28 09:56:15 [main] INFO  : HikariPool-1 - Start completed.
2024-02-28 09:56:17 [main] INFO  : HHH000489: No JTA platform available (set 'hibernate.transaction.jta.platform' to enable JTA platform integration)
2024-02-28 09:56:17 [main] INFO  : Initialized JPA EntityManagerFactory for persistence unit 'default'
2024-02-28 09:56:17 [main] WARN  : spring.jpa.open-in-view is enabled by default. Therefore, database queries may be performed during view rendering. Explicitly configure spring.jpa.open-in-view to disable this warning
2024-02-28 09:56:18 [main] INFO  : Hibernate is in classpath; If applicable, HQL parser will be used.
2024-02-28 09:56:18 [main] INFO  : Will secure any request with [org.springframework.security.web.session.DisableEncodeUrlFilter@e0649c, org.springframework.security.web.context.request.async.WebAsyncManagerIntegrationFilter@7b665276, org.springframework.security.web.context.SecurityContextHolderFilter@720090ad, org.springframework.security.web.header.HeaderWriterFilter@6a37464f, org.springframework.web.filter.CorsFilter@7e39360c, org.springframework.security.web.authentication.logout.LogoutFilter@7ddbf3b4, com.hrbp.feedback.auth.JwtAuthorizationFilter@2a1dabb6, org.springframework.security.web.savedrequest.RequestCacheAwareFilter@72d44701, org.springframework.security.web.servletapi.SecurityContextHolderAwareRequestFilter@747c9e8b, org.springframework.security.web.authentication.AnonymousAuthenticationFilter@648183fe, org.springframework.security.web.session.SessionManagementFilter@564a9c89, org.springframework.security.web.access.ExceptionTranslationFilter@7f33271b, org.springframework.security.web.access.intercept.FilterSecurityInterceptor@48f345c]
2024-02-28 09:56:19 [main] INFO  : Started FeedbackServiceTest in 6.233 seconds (process running for 8.138)
2024-02-28 09:56:20 [main] INFO  : getFeedback(-) started
2024-02-28 09:56:21 [SpringApplicationShutdownHook] INFO  : Closing JPA EntityManagerFactory for persistence unit 'default'
2024-02-28 09:56:21 [SpringApplicationShutdownHook] INFO  : HikariPool-1 - Shutdown initiated...
2024-02-28 09:56:21 [SpringApplicationShutdownHook] INFO  : HikariPool-1 - Shutdown completed.
2024-02-28 09:57:37 [main] INFO  : Could not detect default configuration classes for test class [com.hrbp.feedback.service.FeedbackServiceTest]: FeedbackServiceTest does not declare any static, non-private, non-final, nested classes annotated with @Configuration.
2024-02-28 09:57:37 [main] INFO  : Found @SpringBootConfiguration com.hrbp.feedback.HrbpFeedbackSystemApplication for test class com.hrbp.feedback.service.FeedbackServiceTest
2024-02-28 09:57:37 [main] INFO  : Restart disabled due to context in which it is running
2024-02-28 09:57:38 [main] INFO  : Starting FeedbackServiceTest using Java 17.0.5 with PID 23976 (started by anandjan in C:\Users\anandjan\Downloads\New folder\hrbpbackend)
2024-02-28 09:57:38 [main] INFO  : No active profile set, falling back to 1 default profile: "default"
2024-02-28 09:57:38 [main] INFO  : Bootstrapping Spring Data JPA repositories in DEFAULT mode.
2024-02-28 09:57:38 [main] INFO  : Finished Spring Data repository scanning in 48 ms. Found 4 JPA repository interfaces.
2024-02-28 09:57:39 [main] INFO  : HHH000204: Processing PersistenceUnitInfo [name: default]
2024-02-28 09:57:39 [main] INFO  : HHH000412: Hibernate ORM core version 6.4.1.Final
2024-02-28 09:57:39 [main] INFO  : HHH000026: Second-level cache disabled
2024-02-28 09:57:39 [main] INFO  : No LoadTimeWeaver setup: ignoring JPA class transformer
2024-02-28 09:57:39 [main] INFO  : HikariPool-1 - Starting...
2024-02-28 09:57:40 [main] INFO  : HikariPool-1 - Added connection com.mysql.cj.jdbc.ConnectionImpl@343d1d25
2024-02-28 09:57:40 [main] INFO  : HikariPool-1 - Start completed.
2024-02-28 09:57:41 [main] INFO  : HHH000489: No JTA platform available (set 'hibernate.transaction.jta.platform' to enable JTA platform integration)
2024-02-28 09:57:41 [main] INFO  : Initialized JPA EntityManagerFactory for persistence unit 'default'
2024-02-28 09:57:41 [main] WARN  : spring.jpa.open-in-view is enabled by default. Therefore, database queries may be performed during view rendering. Explicitly configure spring.jpa.open-in-view to disable this warning
2024-02-28 09:57:41 [main] INFO  : Hibernate is in classpath; If applicable, HQL parser will be used.
2024-02-28 09:57:42 [main] INFO  : Will secure any request with [org.springframework.security.web.session.DisableEncodeUrlFilter@6230a15a, org.springframework.security.web.context.request.async.WebAsyncManagerIntegrationFilter@7225f871, org.springframework.security.web.context.SecurityContextHolderFilter@70c3483b, org.springframework.security.web.header.HeaderWriterFilter@47858d7c, org.springframework.web.filter.CorsFilter@1bff4cb9, org.springframework.security.web.authentication.logout.LogoutFilter@7785430c, com.hrbp.feedback.auth.JwtAuthorizationFilter@63a9af28, org.springframework.security.web.savedrequest.RequestCacheAwareFilter@5ccc07ae, org.springframework.security.web.servletapi.SecurityContextHolderAwareRequestFilter@ab5e63, org.springframework.security.web.authentication.AnonymousAuthenticationFilter@c521a79, org.springframework.security.web.session.SessionManagementFilter@63f6811e, org.springframework.security.web.access.ExceptionTranslationFilter@7197b96c, org.springframework.security.web.access.intercept.FilterSecurityInterceptor@ca9ffc0]
2024-02-28 09:57:42 [main] INFO  : Started FeedbackServiceTest in 4.754 seconds (process running for 5.934)
2024-02-28 09:57:43 [main] INFO  : getFeedback(-) started
2024-02-28 09:57:43 [SpringApplicationShutdownHook] INFO  : Closing JPA EntityManagerFactory for persistence unit 'default'
2024-02-28 09:57:43 [SpringApplicationShutdownHook] INFO  : HikariPool-1 - Shutdown initiated...
2024-02-28 09:57:43 [SpringApplicationShutdownHook] INFO  : HikariPool-1 - Shutdown completed.
2024-02-28 09:58:05 [main] INFO  : Could not detect default configuration classes for test class [com.hrbp.feedback.HrbpFeedbackSystemApplicationTests]: HrbpFeedbackSystemApplicationTests does not declare any static, non-private, non-final, nested classes annotated with @Configuration.
2024-02-28 09:58:05 [main] INFO  : Found @SpringBootConfiguration com.hrbp.feedback.HrbpFeedbackSystemApplication for test class com.hrbp.feedback.HrbpFeedbackSystemApplicationTests
2024-02-28 09:58:05 [main] INFO  : Restart disabled due to context in which it is running
2024-02-28 09:58:06 [main] INFO  : Starting HrbpFeedbackSystemApplicationTests using Java 17.0.5 with PID 16232 (started by anandjan in C:\Users\anandjan\Downloads\New folder\hrbpbackend)
2024-02-28 09:58:06 [main] INFO  : No active profile set, falling back to 1 default profile: "default"
2024-02-28 09:58:07 [main] INFO  : Bootstrapping Spring Data JPA repositories in DEFAULT mode.
2024-02-28 09:58:07 [main] INFO  : Finished Spring Data repository scanning in 91 ms. Found 4 JPA repository interfaces.
2024-02-28 09:58:07 [main] INFO  : HHH000204: Processing PersistenceUnitInfo [name: default]
2024-02-28 09:58:08 [main] INFO  : HHH000412: Hibernate ORM core version 6.4.1.Final
2024-02-28 09:58:08 [main] INFO  : HHH000026: Second-level cache disabled
2024-02-28 09:58:08 [main] INFO  : No LoadTimeWeaver setup: ignoring JPA class transformer
2024-02-28 09:58:08 [main] INFO  : HikariPool-1 - Starting...
2024-02-28 09:58:09 [main] INFO  : HikariPool-1 - Added connection com.mysql.cj.jdbc.ConnectionImpl@5713705f
2024-02-28 09:58:09 [main] INFO  : HikariPool-1 - Start completed.
2024-02-28 09:58:10 [main] INFO  : HHH000489: No JTA platform available (set 'hibernate.transaction.jta.platform' to enable JTA platform integration)
2024-02-28 09:58:10 [main] INFO  : Initialized JPA EntityManagerFactory for persistence unit 'default'
2024-02-28 09:58:11 [main] WARN  : spring.jpa.open-in-view is enabled by default. Therefore, database queries may be performed during view rendering. Explicitly configure spring.jpa.open-in-view to disable this warning
2024-02-28 09:58:11 [main] INFO  : Hibernate is in classpath; If applicable, HQL parser will be used.
2024-02-28 09:58:12 [main] INFO  : Will secure any request with [org.springframework.security.web.session.DisableEncodeUrlFilter@3379334, org.springframework.security.web.context.request.async.WebAsyncManagerIntegrationFilter@5779503f, org.springframework.security.web.context.SecurityContextHolderFilter@1e77807c, org.springframework.security.web.header.HeaderWriterFilter@4874d75e, org.springframework.web.filter.CorsFilter@42d450fc, org.springframework.security.web.authentication.logout.LogoutFilter@45507d66, com.hrbp.feedback.auth.JwtAuthorizationFilter@4fb3632c, org.springframework.security.web.savedrequest.RequestCacheAwareFilter@4643b082, org.springframework.security.web.servletapi.SecurityContextHolderAwareRequestFilter@1a29018, org.springframework.security.web.authentication.AnonymousAuthenticationFilter@39eb9bad, org.springframework.security.web.session.SessionManagementFilter@7b597ad, org.springframework.security.web.access.ExceptionTranslationFilter@760d4b8, org.springframework.security.web.access.intercept.FilterSecurityInterceptor@2ef36f36]
2024-02-28 09:58:12 [main] INFO  : Started HrbpFeedbackSystemApplicationTests in 7.296 seconds (process running for 9.667)
2024-02-28 09:58:13 [main] INFO  : Could not detect default configuration classes for test class [com.hrbp.feedback.controller.EmployeeControllerTest]: EmployeeControllerTest does not declare any static, non-private, non-final, nested classes annotated with @Configuration.
2024-02-28 09:58:13 [main] INFO  : Found @SpringBootConfiguration com.hrbp.feedback.HrbpFeedbackSystemApplication for test class com.hrbp.feedback.controller.EmployeeControllerTest
2024-02-28 09:58:13 [main] INFO  : Initializing Spring TestDispatcherServlet ''
2024-02-28 09:58:13 [main] INFO  : Initializing Servlet ''
2024-02-28 09:58:13 [main] INFO  : Completed initialization in 2 ms
2024-02-28 09:58:14 [main] WARN  : No mapping for GET /employeeDetails/1
2024-02-28 09:58:14 [main] WARN  : No endpoint GET /employeeDetails/1.
2024-02-28 09:58:14 [main] INFO  : Could not detect default configuration classes for test class [com.hrbp.feedback.service.FeedbackServiceTest]: FeedbackServiceTest does not declare any static, non-private, non-final, nested classes annotated with @Configuration.
2024-02-28 09:58:14 [main] INFO  : Found @SpringBootConfiguration com.hrbp.feedback.HrbpFeedbackSystemApplication for test class com.hrbp.feedback.service.FeedbackServiceTest
2024-02-28 09:58:14 [main] INFO  : getFeedback(-) started
2024-02-28 09:58:14 [main] INFO  : Could not detect default configuration classes for test class [com.hrbp.feedback.service.EmployeeServiceTest]: EmployeeServiceTest does not declare any static, non-private, non-final, nested classes annotated with @Configuration.
2024-02-28 09:58:14 [main] INFO  : Found @SpringBootConfiguration com.hrbp.feedback.HrbpFeedbackSystemApplication for test class com.hrbp.feedback.service.EmployeeServiceTest
2024-02-28 09:58:16 [SpringApplicationShutdownHook] INFO  : Closing JPA EntityManagerFactory for persistence unit 'default'
2024-02-28 09:58:16 [SpringApplicationShutdownHook] INFO  : HikariPool-1 - Shutdown initiated...
2024-02-28 09:58:16 [SpringApplicationShutdownHook] INFO  : HikariPool-1 - Shutdown completed.
2024-02-28 10:30:42 [main] INFO  : Could not detect default configuration classes for test class [com.hrbp.feedback.controller.EmployeeControllerTest]: EmployeeControllerTest does not declare any static, non-private, non-final, nested classes annotated with @Configuration.
2024-02-28 10:30:42 [main] INFO  : Found @SpringBootConfiguration com.hrbp.feedback.HrbpFeedbackSystemApplication for test class com.hrbp.feedback.controller.EmployeeControllerTest
2024-02-28 10:30:43 [main] INFO  : Restart disabled due to context in which it is running
2024-02-28 10:30:44 [main] INFO  : Starting EmployeeControllerTest using Java 17.0.5 with PID 17220 (started by anandjan in C:\Users\anandjan\Downloads\New folder\hrbpbackend)
2024-02-28 10:30:44 [main] INFO  : No active profile set, falling back to 1 default profile: "default"
2024-02-28 10:30:44 [main] WARN  : Exception encountered during context initialization - cancelling refresh attempt: org.springframework.beans.factory.UnsatisfiedDependencyException: Error creating bean with name 'jwtAuthorizationFilter' defined in file [C:\Users\anandjan\Downloads\New folder\hrbpbackend\target\classes\com\hrbp\feedback\auth\JwtAuthorizationFilter.class]: Unsatisfied dependency expressed through constructor parameter 0: No qualifying bean of type 'com.hrbp.feedback.auth.JwtUtil' available: expected at least 1 bean which qualifies as autowire candidate. Dependency annotations: {}
2024-02-28 10:30:44 [main] INFO  : 

Error starting ApplicationContext. To display the condition evaluation report re-run your application with 'debug' enabled.
2024-02-28 10:30:44 [main] ERROR : 

***************************
APPLICATION FAILED TO START
***************************

Description:

Parameter 0 of constructor in com.hrbp.feedback.auth.JwtAuthorizationFilter required a bean of type 'com.hrbp.feedback.auth.JwtUtil' that could not be found.


Action:

Consider defining a bean of type 'com.hrbp.feedback.auth.JwtUtil' in your configuration.

2024-02-28 10:30:44 [main] WARN  : Caught exception while allowing TestExecutionListener [org.springframework.test.context.support.DependencyInjectionTestExecutionListener] to prepare test instance [com.hrbp.feedback.controller.EmployeeControllerTest@5409dfdd]
java.lang.IllegalStateException: Failed to load ApplicationContext for [WebMergedContextConfiguration@5d7f1e59 testClass = com.hrbp.feedback.controller.EmployeeControllerTest, locations = [], classes = [com.hrbp.feedback.HrbpFeedbackSystemApplication], contextInitializerClasses = [], activeProfiles = [], propertySourceDescriptors = [], propertySourceProperties = ["org.springframework.boot.test.autoconfigure.web.servlet.WebMvcTestContextBootstrapper=true"], contextCustomizers = [[ImportsContextCustomizer@53e93fb7 key = [org.springframework.boot.autoconfigure.task.TaskExecutionAutoConfiguration, org.springframework.boot.autoconfigure.cache.CacheAutoConfiguration, org.springframework.boot.autoconfigure.web.servlet.HttpEncodingAutoConfiguration, org.springframework.boot.autoconfigure.validation.ValidationAutoConfiguration, org.springframework.boot.autoconfigure.context.MessageSourceAutoConfiguration, org.springframework.boot.autoconfigure.hateoas.HypermediaAutoConfiguration, org.springframework.boot.autoconfigure.data.web.SpringDataWebAutoConfiguration, org.springframework.boot.autoconfigure.jackson.JacksonAutoConfiguration, org.springframework.boot.test.autoconfigure.web.reactive.WebTestClientAutoConfiguration, org.springframework.boot.autoconfigure.web.servlet.error.ErrorMvcAutoConfiguration, org.springframework.boot.test.autoconfigure.web.servlet.MockMvcAutoConfiguration, org.springframework.boot.autoconfigure.security.servlet.SecurityAutoConfiguration, org.springframework.boot.autoconfigure.security.servlet.SecurityFilterAutoConfiguration, org.springframework.boot.autoconfigure.http.HttpMessageConvertersAutoConfiguration, org.springframework.boot.autoconfigure.security.oauth2.client.servlet.OAuth2ClientAutoConfiguration, org.springframework.boot.test.autoconfigure.web.servlet.MockMvcSecurityConfiguration, org.springframework.boot.test.autoconfigure.web.servlet.MockMvcWebClientAutoConfiguration, org.springframework.boot.test.autoconfigure.web.servlet.MockMvcWebDriverAutoConfiguration, org.springframework.boot.autoconfigure.thymeleaf.ThymeleafAutoConfiguration, org.springframework.boot.autoconfigure.gson.GsonAutoConfiguration, org.springframework.boot.autoconfigure.jsonb.JsonbAutoConfiguration, org.springframework.boot.autoconfigure.freemarker.FreeMarkerAutoConfiguration, org.springframework.boot.autoconfigure.web.servlet.WebMvcAutoConfiguration, org.springframework.boot.autoconfigure.security.servlet.UserDetailsServiceAutoConfiguration, org.springframework.boot.autoconfigure.security.oauth2.resource.servlet.OAuth2ResourceServerAutoConfiguration, org.springframework.boot.autoconfigure.groovy.template.GroovyTemplateAutoConfiguration, org.springframework.boot.autoconfigure.mustache.MustacheAutoConfiguration]], org.springframework.boot.test.context.filter.ExcludeFilterContextCustomizer@53ab0286, org.springframework.boot.test.json.DuplicateJsonObjectContextCustomizerFactory$DuplicateJsonObjectContextCustomizer@1c98290c, org.springframework.boot.test.mock.mockito.MockitoContextCustomizer@0, org.springframework.boot.test.autoconfigure.OverrideAutoConfigurationContextCustomizerFactory$DisableAutoConfigurationContextCustomizer@33352f32, org.springframework.boot.test.autoconfigure.actuate.observability.ObservabilityContextCustomizerFactory$DisableObservabilityContextCustomizer@1f, org.springframework.boot.test.autoconfigure.filter.TypeExcludeFiltersContextCustomizer@bca84864, org.springframework.boot.test.autoconfigure.properties.PropertyMappingContextCustomizer@1d12fb5e, org.springframework.boot.test.autoconfigure.web.servlet.WebDriverContextCustomizer@4fd4cae3, org.springframework.boot.test.context.SpringBootTestAnnotation@9b8fdf43], resourceBasePath = "src/main/webapp", contextLoader = org.springframework.boot.test.context.SpringBootContextLoader, parent = null]
	at org.springframework.test.context.cache.DefaultCacheAwareContextLoaderDelegate.loadContext(DefaultCacheAwareContextLoaderDelegate.java:180)
	at org.springframework.test.context.support.DefaultTestContext.getApplicationContext(DefaultTestContext.java:130)
	at org.springframework.test.context.support.DependencyInjectionTestExecutionListener.injectDependencies(DependencyInjectionTestExecutionListener.java:141)
	at org.springframework.test.context.support.DependencyInjectionTestExecutionListener.prepareTestInstance(DependencyInjectionTestExecutionListener.java:97)
	at org.springframework.test.context.TestContextManager.prepareTestInstance(TestContextManager.java:260)
	at org.springframework.test.context.junit.jupiter.SpringExtension.postProcessTestInstance(SpringExtension.java:163)
	at org.junit.jupiter.engine.descriptor.ClassBasedTestDescriptor.lambda$invokeTestInstancePostProcessors$10(ClassBasedTestDescriptor.java:378)
	at org.junit.jupiter.engine.descriptor.ClassBasedTestDescriptor.executeAndMaskThrowable(ClassBasedTestDescriptor.java:383)
	at org.junit.jupiter.engine.descriptor.ClassBasedTestDescriptor.lambda$invokeTestInstancePostProcessors$11(ClassBasedTestDescriptor.java:378)
	at java.base/java.util.stream.ReferencePipeline$3$1.accept(ReferencePipeline.java:197)
	at java.base/java.util.stream.ReferencePipeline$2$1.accept(ReferencePipeline.java:179)
	at java.base/java.util.ArrayList$ArrayListSpliterator.forEachRemaining(ArrayList.java:1625)
	at java.base/java.util.stream.AbstractPipeline.copyInto(AbstractPipeline.java:509)
	at java.base/java.util.stream.AbstractPipeline.wrapAndCopyInto(AbstractPipeline.java:499)
	at java.base/java.util.stream.StreamSpliterators$WrappingSpliterator.forEachRemaining(StreamSpliterators.java:310)
	at java.base/java.util.stream.Streams$ConcatSpliterator.forEachRemaining(Streams.java:735)
	at java.base/java.util.stream.Streams$ConcatSpliterator.forEachRemaining(Streams.java:734)
	at java.base/java.util.stream.ReferencePipeline$Head.forEach(ReferencePipeline.java:762)
	at org.junit.jupiter.engine.descriptor.ClassBasedTestDescriptor.invokeTestInstancePostProcessors(ClassBasedTestDescriptor.java:377)
	at org.junit.jupiter.engine.descriptor.ClassBasedTestDescriptor.lambda$instantiateAndPostProcessTestInstance$6(ClassBasedTestDescriptor.java:290)
	at org.junit.platform.engine.support.hierarchical.ThrowableCollector.execute(ThrowableCollector.java:73)
	at org.junit.jupiter.engine.descriptor.ClassBasedTestDescriptor.instantiateAndPostProcessTestInstance(ClassBasedTestDescriptor.java:289)
	at org.junit.jupiter.engine.descriptor.ClassBasedTestDescriptor.lambda$testInstancesProvider$4(ClassBasedTestDescriptor.java:279)
	at java.base/java.util.Optional.orElseGet(Optional.java:364)
	at org.junit.jupiter.engine.descriptor.ClassBasedTestDescriptor.lambda$testInstancesProvider$5(ClassBasedTestDescriptor.java:278)
	at org.junit.jupiter.engine.execution.TestInstancesProvider.getTestInstances(TestInstancesProvider.java:31)
	at org.junit.jupiter.engine.descriptor.TestMethodTestDescriptor.lambda$prepare$0(TestMethodTestDescriptor.java:106)
	at org.junit.platform.engine.support.hierarchical.ThrowableCollector.execute(ThrowableCollector.java:73)
	at org.junit.jupiter.engine.descriptor.TestMethodTestDescriptor.prepare(TestMethodTestDescriptor.java:105)
	at org.junit.jupiter.engine.descriptor.TestMethodTestDescriptor.prepare(TestMethodTestDescriptor.java:69)
	at org.junit.platform.engine.support.hierarchical.NodeTestTask.lambda$prepare$2(NodeTestTask.java:123)
	at org.junit.platform.engine.support.hierarchical.ThrowableCollector.execute(ThrowableCollector.java:73)
	at org.junit.platform.engine.support.hierarchical.NodeTestTask.prepare(NodeTestTask.java:123)
	at org.junit.platform.engine.support.hierarchical.NodeTestTask.execute(NodeTestTask.java:90)
	at java.base/java.util.ArrayList.forEach(ArrayList.java:1511)
	at org.junit.platform.engine.support.hierarchical.SameThreadHierarchicalTestExecutorService.invokeAll(SameThreadHierarchicalTestExecutorService.java:41)
	at org.junit.platform.engine.support.hierarchical.NodeTestTask.lambda$executeRecursively$6(NodeTestTask.java:155)
	at org.junit.platform.engine.support.hierarchical.ThrowableCollector.execute(ThrowableCollector.java:73)
	at org.junit.platform.engine.support.hierarchical.NodeTestTask.lambda$executeRecursively$8(NodeTestTask.java:141)
	at org.junit.platform.engine.support.hierarchical.Node.around(Node.java:137)
	at org.junit.platform.engine.support.hierarchical.NodeTestTask.lambda$executeRecursively$9(NodeTestTask.java:139)
	at org.junit.platform.engine.support.hierarchical.ThrowableCollector.execute(ThrowableCollector.java:73)
	at org.junit.platform.engine.support.hierarchical.NodeTestTask.executeRecursively(NodeTestTask.java:138)
	at org.junit.platform.engine.support.hierarchical.NodeTestTask.execute(NodeTestTask.java:95)
	at java.base/java.util.ArrayList.forEach(ArrayList.java:1511)
	at org.junit.platform.engine.support.hierarchical.SameThreadHierarchicalTestExecutorService.invokeAll(SameThreadHierarchicalTestExecutorService.java:41)
	at org.junit.platform.engine.support.hierarchical.NodeTestTask.lambda$executeRecursively$6(NodeTestTask.java:155)
	at org.junit.platform.engine.support.hierarchical.ThrowableCollector.execute(ThrowableCollector.java:73)
	at org.junit.platform.engine.support.hierarchical.NodeTestTask.lambda$executeRecursively$8(NodeTestTask.java:141)
	at org.junit.platform.engine.support.hierarchical.Node.around(Node.java:137)
	at org.junit.platform.engine.support.hierarchical.NodeTestTask.lambda$executeRecursively$9(NodeTestTask.java:139)
	at org.junit.platform.engine.support.hierarchical.ThrowableCollector.execute(ThrowableCollector.java:73)
	at org.junit.platform.engine.support.hierarchical.NodeTestTask.executeRecursively(NodeTestTask.java:138)
	at org.junit.platform.engine.support.hierarchical.NodeTestTask.execute(NodeTestTask.java:95)
	at org.junit.platform.engine.support.hierarchical.SameThreadHierarchicalTestExecutorService.submit(SameThreadHierarchicalTestExecutorService.java:35)
	at org.junit.platform.engine.support.hierarchical.HierarchicalTestExecutor.execute(HierarchicalTestExecutor.java:57)
	at org.junit.platform.engine.support.hierarchical.HierarchicalTestEngine.execute(HierarchicalTestEngine.java:54)
	at org.junit.platform.launcher.core.EngineExecutionOrchestrator.execute(EngineExecutionOrchestrator.java:198)
	at org.junit.platform.launcher.core.EngineExecutionOrchestrator.execute(EngineExecutionOrchestrator.java:169)
	at org.junit.platform.launcher.core.EngineExecutionOrchestrator.execute(EngineExecutionOrchestrator.java:93)
	at org.junit.platform.launcher.core.EngineExecutionOrchestrator.lambda$execute$0(EngineExecutionOrchestrator.java:58)
	at org.junit.platform.launcher.core.EngineExecutionOrchestrator.withInterceptedStreams(EngineExecutionOrchestrator.java:141)
	at org.junit.platform.launcher.core.EngineExecutionOrchestrator.execute(EngineExecutionOrchestrator.java:57)
	at org.junit.platform.launcher.core.DefaultLauncher.execute(DefaultLauncher.java:103)
	at org.junit.platform.launcher.core.DefaultLauncher.execute(DefaultLauncher.java:94)
	at org.junit.platform.launcher.core.DelegatingLauncher.execute(DelegatingLauncher.java:52)
	at org.junit.platform.launcher.core.SessionPerRequestLauncher.execute(SessionPerRequestLauncher.java:70)
	at org.eclipse.jdt.internal.junit5.runner.JUnit5TestReference.run(JUnit5TestReference.java:98)
	at org.eclipse.jdt.internal.junit.runner.TestExecution.run(TestExecution.java:40)
	at org.eclipse.jdt.internal.junit.runner.RemoteTestRunner.runTests(RemoteTestRunner.java:529)
	at org.eclipse.jdt.internal.junit.runner.RemoteTestRunner.runTests(RemoteTestRunner.java:756)
	at org.eclipse.jdt.internal.junit.runner.RemoteTestRunner.run(RemoteTestRunner.java:452)
	at org.eclipse.jdt.internal.junit.runner.RemoteTestRunner.main(RemoteTestRunner.java:210)
Caused by: org.springframework.beans.factory.UnsatisfiedDependencyException: Error creating bean with name 'jwtAuthorizationFilter' defined in file [C:\Users\anandjan\Downloads\New folder\hrbpbackend\target\classes\com\hrbp\feedback\auth\JwtAuthorizationFilter.class]: Unsatisfied dependency expressed through constructor parameter 0: No qualifying bean of type 'com.hrbp.feedback.auth.JwtUtil' available: expected at least 1 bean which qualifies as autowire candidate. Dependency annotations: {}
	at org.springframework.beans.factory.support.ConstructorResolver.createArgumentArray(ConstructorResolver.java:802)
	at org.springframework.beans.factory.support.ConstructorResolver.autowireConstructor(ConstructorResolver.java:241)
	at org.springframework.beans.factory.support.AbstractAutowireCapableBeanFactory.autowireConstructor(AbstractAutowireCapableBeanFactory.java:1354)
	at org.springframework.beans.factory.support.AbstractAutowireCapableBeanFactory.createBeanInstance(AbstractAutowireCapableBeanFactory.java:1191)
	at org.springframework.beans.factory.support.AbstractAutowireCapableBeanFactory.doCreateBean(AbstractAutowireCapableBeanFactory.java:561)
	at org.springframework.beans.factory.support.AbstractAutowireCapableBeanFactory.createBean(AbstractAutowireCapableBeanFactory.java:521)
	at org.springframework.beans.factory.support.AbstractBeanFactory.lambda$doGetBean$0(AbstractBeanFactory.java:325)
	at org.springframework.beans.factory.support.DefaultSingletonBeanRegistry.getSingleton(DefaultSingletonBeanRegistry.java:234)
	at org.springframework.beans.factory.support.AbstractBeanFactory.doGetBean(AbstractBeanFactory.java:323)
	at org.springframework.beans.factory.support.AbstractBeanFactory.getBean(AbstractBeanFactory.java:199)
	at org.springframework.beans.factory.support.DefaultListableBeanFactory.preInstantiateSingletons(DefaultListableBeanFactory.java:975)
	at org.springframework.context.support.AbstractApplicationContext.finishBeanFactoryInitialization(AbstractApplicationContext.java:960)
	at org.springframework.context.support.AbstractApplicationContext.refresh(AbstractApplicationContext.java:625)
	at org.springframework.boot.SpringApplication.refresh(SpringApplication.java:762)
	at org.springframework.boot.SpringApplication.refreshContext(SpringApplication.java:464)
	at org.springframework.boot.SpringApplication.run(SpringApplication.java:334)
	at org.springframework.boot.test.context.SpringBootContextLoader.lambda$loadContext$3(SpringBootContextLoader.java:137)
	at org.springframework.util.function.ThrowingSupplier.get(ThrowingSupplier.java:58)
	at org.springframework.util.function.ThrowingSupplier.get(ThrowingSupplier.java:46)
	at org.springframework.boot.SpringApplication.withHook(SpringApplication.java:1458)
	at org.springframework.boot.test.context.SpringBootContextLoader$ContextLoaderHook.run(SpringBootContextLoader.java:552)
	at org.springframework.boot.test.context.SpringBootContextLoader.loadContext(SpringBootContextLoader.java:137)
	at org.springframework.boot.test.context.SpringBootContextLoader.loadContext(SpringBootContextLoader.java:108)
	at org.springframework.test.context.cache.DefaultCacheAwareContextLoaderDelegate.loadContextInternal(DefaultCacheAwareContextLoaderDelegate.java:225)
	at org.springframework.test.context.cache.DefaultCacheAwareContextLoaderDelegate.loadContext(DefaultCacheAwareContextLoaderDelegate.java:152)
	... 72 common frames omitted
Caused by: org.springframework.beans.factory.NoSuchBeanDefinitionException: No qualifying bean of type 'com.hrbp.feedback.auth.JwtUtil' available: expected at least 1 bean which qualifies as autowire candidate. Dependency annotations: {}
	at org.springframework.beans.factory.support.DefaultListableBeanFactory.raiseNoMatchingBeanFound(DefaultListableBeanFactory.java:1880)
	at org.springframework.beans.factory.support.DefaultListableBeanFactory.doResolveDependency(DefaultListableBeanFactory.java:1406)
	at org.springframework.beans.factory.support.DefaultListableBeanFactory.resolveDependency(DefaultListableBeanFactory.java:1353)
	at org.springframework.beans.factory.support.ConstructorResolver.resolveAutowiredArgument(ConstructorResolver.java:911)
	at org.springframework.beans.factory.support.ConstructorResolver.createArgumentArray(ConstructorResolver.java:789)
	... 96 common frames omitted
